<?xml version="1.0" encoding="UTF-8"?>
<!-- Generated by org.testng.reporters.JUnitXMLReporter -->
<testsuite ignored="0" hostname="INVENGER-796" failures="0" tests="4" name="Default test" time="6.83" errors="0" timestamp="2026-02-28T00:29:40 IST">
  <testcase classname="api.test.UserTest" name="testPostUser" time="2.407"/>
  <testcase classname="api.test.UserTest" name="testGetUser" time="1.28"/>
  <testcase classname="api.test.UserTest" name="testUpdateUser" time="1.303"/>
  <testcase classname="api.test.UserTest" name="testDeleteUser" time="1.32"/>
</testsuite> <!-- Default test -->
