<?xml version="1.0" encoding="UTF-8"?>
<testng-results ignored="0" total="4" passed="4" failed="0" skipped="0">
  <reporter-output>
  </reporter-output>
  <suite started-at="2026-03-02T14:48:31 IST" name="PetSuite" finished-at="2026-03-02T14:48:38 IST" duration-ms="7573">
    <groups>
    </groups>
    <test started-at="2026-03-02T14:48:31 IST" name="PetTest" finished-at="2026-03-02T14:48:38 IST" duration-ms="7573">
      <class name="api.test.UserTest2">
        <test-method is-config="true" signature="userSetup()[pri:0, instance:api.test.UserTest2@9353778]" started-at="2026-03-02T14:48:31 IST" name="userSetup" finished-at="2026-03-02T14:48:31 IST" duration-ms="536" status="PASS">
          <reporter-output>
          </reporter-output>
        </test-method> <!-- userSetup -->
        <test-method signature="testPostUser()[pri:1, instance:api.test.UserTest2@9353778]" started-at="2026-03-02T14:48:31 IST" name="testPostUser" finished-at="2026-03-02T14:48:34 IST" duration-ms="2717" status="PASS">
          <reporter-output>
          </reporter-output>
        </test-method> <!-- testPostUser -->
        <test-method signature="testGetUser()[pri:2, instance:api.test.UserTest2@9353778]" started-at="2026-03-02T14:48:34 IST" name="testGetUser" finished-at="2026-03-02T14:48:36 IST" duration-ms="1507" status="PASS">
          <reporter-output>
          </reporter-output>
        </test-method> <!-- testGetUser -->
        <test-method signature="testUpdateUser()[pri:3, instance:api.test.UserTest2@9353778]" started-at="2026-03-02T14:48:36 IST" name="testUpdateUser" finished-at="2026-03-02T14:48:37 IST" duration-ms="1319" status="PASS">
          <reporter-output>
          </reporter-output>
        </test-method> <!-- testUpdateUser -->
        <test-method signature="testDeleteUser()[pri:4, instance:api.test.UserTest2@9353778]" started-at="2026-03-02T14:48:37 IST" name="testDeleteUser" finished-at="2026-03-02T14:48:38 IST" duration-ms="1261" status="PASS">
          <reporter-output>
          </reporter-output>
        </test-method> <!-- testDeleteUser -->
      </class> <!-- api.test.UserTest2 -->
    </test> <!-- PetTest -->
  </suite> <!-- PetSuite -->
</testng-results>
