<?xml version="1.0" encoding="UTF-8"?>
<testng-results ignored="0" total="4" passed="4" failed="0" skipped="0">
  <reporter-output>
  </reporter-output>
  <suite started-at="2026-03-02T14:07:59 IST" name="PetSuite" finished-at="2026-03-02T14:08:06 IST" duration-ms="7178">
    <groups>
    </groups>
    <test started-at="2026-03-02T14:07:59 IST" name="PetTest" finished-at="2026-03-02T14:08:06 IST" duration-ms="7178">
      <class name="api.test.UserTest2">
        <test-method is-config="true" signature="userSetup()[pri:0, instance:api.test.UserTest2@4562e04d]" started-at="2026-03-02T14:07:59 IST" name="userSetup" finished-at="2026-03-02T14:08:00 IST" duration-ms="489" status="PASS">
          <reporter-output>
          </reporter-output>
        </test-method> <!-- userSetup -->
        <test-method signature="testPostUser()[pri:1, instance:api.test.UserTest2@4562e04d]" started-at="2026-03-02T14:08:00 IST" name="testPostUser" finished-at="2026-03-02T14:08:03 IST" duration-ms="2663" status="PASS">
          <reporter-output>
          </reporter-output>
        </test-method> <!-- testPostUser -->
        <test-method signature="testGetUser()[pri:2, instance:api.test.UserTest2@4562e04d]" started-at="2026-03-02T14:08:03 IST" name="testGetUser" finished-at="2026-03-02T14:08:04 IST" duration-ms="1280" status="PASS">
          <reporter-output>
          </reporter-output>
        </test-method> <!-- testGetUser -->
        <test-method signature="testUpdateUser()[pri:3, instance:api.test.UserTest2@4562e04d]" started-at="2026-03-02T14:08:04 IST" name="testUpdateUser" finished-at="2026-03-02T14:08:05 IST" duration-ms="1291" status="PASS">
          <reporter-output>
          </reporter-output>
        </test-method> <!-- testUpdateUser -->
        <test-method signature="testDeleteUser()[pri:4, instance:api.test.UserTest2@4562e04d]" started-at="2026-03-02T14:08:05 IST" name="testDeleteUser" finished-at="2026-03-02T14:08:06 IST" duration-ms="1269" status="PASS">
          <reporter-output>
          </reporter-output>
        </test-method> <!-- testDeleteUser -->
      </class> <!-- api.test.UserTest2 -->
    </test> <!-- PetTest -->
  </suite> <!-- PetSuite -->
</testng-results>
