<?xml version="1.0" encoding="UTF-8"?>
<!-- Generated by org.testng.reporters.JUnitReportReporter -->
<testsuite hostname="INVENGER-796" failures="0" tests="4" name="api.test.UserTest" time="6.759" errors="0" timestamp="2026-03-02T14:06:42 IST" skipped="0">
  <testcase classname="api.test.UserTest" name="testPostUser" time="2.943"/>
  <system-out/>
  <testcase classname="api.test.UserTest" name="testGetUser" time="1.331"/>
  <system-out/>
  <testcase classname="api.test.UserTest" name="testUpdateUser" time="1.258"/>
  <system-out/>
  <testcase classname="api.test.UserTest" name="testDeleteUser" time="1.227"/>
  <system-out/>
</testsuite> <!-- api.test.UserTest -->
