<?xml version="1.0" encoding="UTF-8"?>
<!-- Generated by org.testng.reporters.JUnitReportReporter -->
<testsuite hostname="INVENGER-796" failures="0" tests="12" name="api.test.TestDDT" time="19.025" errors="0" timestamp="2026-02-27T22:21:54 IST" skipped="0">
  <testcase classname="api.test.TestDDT" name="testPostUser" time="1.588"/>
  <system-out/>
  <testcase classname="api.test.TestDDT" name="testPostUser" time="3.400"/>
  <system-out/>
  <testcase classname="api.test.TestDDT" name="testPostUser" time="1.459"/>
  <system-out/>
  <testcase classname="api.test.TestDDT" name="testGetUser" time="1.539"/>
  <system-out/>
  <testcase classname="api.test.TestDDT" name="testGetUser" time="1.464"/>
  <system-out/>
  <testcase classname="api.test.TestDDT" name="testGetUser" time="1.496"/>
  <system-out/>
  <testcase classname="api.test.TestDDT" name="testUpdateUser" time="1.330"/>
  <system-out/>
  <testcase classname="api.test.TestDDT" name="testUpdateUser" time="1.270"/>
  <system-out/>
  <testcase classname="api.test.TestDDT" name="testUpdateUser" time="1.393"/>
  <system-out/>
  <testcase classname="api.test.TestDDT" name="testDeleteUser" time="1.323"/>
  <system-out/>
  <testcase classname="api.test.TestDDT" name="testDeleteUser" time="1.258"/>
  <system-out/>
  <testcase classname="api.test.TestDDT" name="testDeleteUser" time="1.505"/>
  <system-out/>
</testsuite> <!-- api.test.TestDDT -->
