<?xml version="1.0" encoding="UTF-8"?>
<!-- Generated by org.testng.reporters.JUnitReportReporter -->
<testsuite hostname="INVENGER-796" failures="0" tests="4" name="api.test.UserTest2" time="6.503" errors="0" timestamp="2026-03-02T14:08:07 IST" skipped="0">
  <testcase classname="api.test.UserTest2" name="testPostUser" time="2.663"/>
  <system-out/>
  <testcase classname="api.test.UserTest2" name="testGetUser" time="1.280"/>
  <system-out/>
  <testcase classname="api.test.UserTest2" name="testUpdateUser" time="1.291"/>
  <system-out/>
  <testcase classname="api.test.UserTest2" name="testDeleteUser" time="1.269"/>
  <system-out/>
</testsuite> <!-- api.test.UserTest2 -->
