<?xml version="1.0" encoding="UTF-8"?>
<!-- Generated by org.testng.reporters.JUnitXMLReporter -->
<testsuite ignored="0" hostname="INVENGER-796" failures="0" tests="4" name="PetTest" time="7.178" errors="0" timestamp="2026-03-02T14:08:07 IST">
  <testcase classname="api.test.UserTest2" name="testPostUser" time="2.663"/>
  <testcase classname="api.test.UserTest2" name="testGetUser" time="1.28"/>
  <testcase classname="api.test.UserTest2" name="testUpdateUser" time="1.291"/>
  <testcase classname="api.test.UserTest2" name="testDeleteUser" time="1.269"/>
</testsuite> <!-- PetTest -->
